<?xml version="1.0" encoding="UTF-8"?>
<!-- Generated by org.testng.reporters.JUnitReportReporter -->
<testsuite hostname="Lehers-MacBook-Air.local" failures="0" tests="2" name="test.Question1" time="0.102" errors="0" timestamp="16 Sep. 2019 18:07:06 GMT" skipped="0">
  <testcase classname="test.Question1" name="Question1b" time="0.087"/>
  <testcase classname="test.Question1" name="Question1a" time="0.015"/>
</testsuite> <!-- test.Question1 -->
