<?xml version="1.0" encoding="UTF-8"?>
<!-- Generated by org.testng.reporters.JUnitReportReporter -->
<testsuite hostname="Lehers-MacBook-Air.local" failures="0" tests="1" name="test.Question3" time="0.043" errors="0" timestamp="16 Sep. 2019 18:07:06 GMT" skipped="0">
  <testcase classname="test.Question3" name="nthSmallestNumber" time="0.043"/>
</testsuite> <!-- test.Question3 -->
