<?xml version="1.0" encoding="UTF-8"?>
<!-- Generated by org.testng.reporters.JUnitReportReporter -->
<testsuite hostname="Lehers-MacBook-Air.local" failures="0" tests="1" name="test.Question2" time="22.400" errors="0" timestamp="16 Sep. 2019 18:06:35 GMT" skipped="0">
  <testcase classname="test.Question2" name="Question2" time="22.400"/>
</testsuite> <!-- test.Question2 -->
