<?xml version="1.0" encoding="UTF-8"?>
<!-- Generated by org.testng.reporters.JUnitReportReporter -->
<testsuite hostname="Lehers-MacBook-Air.local" failures="0" tests="3" name="test.Question1and3" time="0.141" errors="0" timestamp="15 Sep. 2019 22:32:20 GMT" skipped="0">
  <testcase classname="test.Question1and3" name="Question1a" time="0.000"/>
  <testcase classname="test.Question1and3" name="Question1b" time="0.112"/>
  <testcase classname="test.Question1and3" name="nthSmallestNumber" time="0.029"/>
</testsuite> <!-- test.Question1and3 -->
